2020-02-24 21:30:47 INFO  Version:66 - HCANN000001: Hibernate Commons Annotations {4.0.5.Final}
2020-02-24 21:30:47 INFO  Version:54 - HHH000412: Hibernate Core {4.3.11.Final}
2020-02-24 21:30:47 INFO  Environment:239 - HHH000206: hibernate.properties not found
2020-02-24 21:30:47 INFO  Environment:346 - HHH000021: Bytecode provider name : javassist
2020-02-24 21:30:49 INFO  Dialect:145 - HHH000400: Using dialect: com.revature.util.Oracle10gDialectExtended
2020-02-24 21:30:49 INFO  TransactionFactoryInitiator:62 - HHH000399: Using default transaction strategy (direct JDBC transactions)
2020-02-24 21:30:49 INFO  ASTQueryTranslatorFactory:47 - HHH000397: Using ASTQueryTranslatorFactory
2020-02-24 21:30:49 INFO  SchemaValidator:157 - HHH000229: Running schema validator
2020-02-24 21:30:49 INFO  SchemaValidator:165 - HHH000102: Fetching database metadata
2020-02-24 21:30:51 INFO  TableMetadata:65 - HHH000261: Table found: ADMIN.REQUEST
2020-02-24 21:30:51 INFO  TableMetadata:66 - HHH000037: Columns: [empid, amount, resolvedby, description, reqid, status]
2020-02-24 21:30:51 INFO  TableMetadata:65 - HHH000261: Table found: ADMIN.WORKER
2020-02-24 21:30:51 INFO  TableMetadata:66 - HHH000037: Columns: [zip, workerid, firstname, city, reportsto, title, hiredate, lastname, phone, streetaddress, state, passcode, email, username]
2020-02-24 21:34:29 INFO  WorkerController:33 - List of all workers was called for sent.
2020-02-24 21:34:30 INFO  WorkerDAOImpl:30 - List of all workers was successfuly gathered
2020-02-24 21:34:30 INFO  WorkerController:33 - List of all workers was called for sent.
2020-02-24 21:34:30 INFO  WorkerDAOImpl:30 - List of all workers was successfuly gathered
2020-02-24 21:34:33 INFO  WorkerController:39 - Get request for worker with ID: 1 was called
2020-02-24 21:34:33 INFO  WorkerDAOImpl:39 - Worker with ID: 1gethered.
2020-02-24 21:34:33 INFO  WorkerController:41 - Worker = Worker [workerId=1, lastName=Ten the III, firstName=Ben, username=benjamin721, passCode=benchee5151, title=Data Coordiator, reportsTo=10, hireDate=1/1/2019, streetAddress=41 Randy Pass, city=Boston, state=Massachusetts, zip=02124, phone=611-772-4221, email=bpavluk2@admin.ch] was sent
2020-02-24 21:34:54 INFO  WorkerController:39 - Get request for worker with ID: 1 was called
2020-02-24 21:34:54 INFO  WorkerDAOImpl:39 - Worker with ID: 1gethered.
2020-02-24 21:34:54 INFO  WorkerController:41 - Worker = Worker [workerId=1, lastName=Ten the III, firstName=Ben, username=benjamin721, passCode=benchee5151, title=Data Coordiator, reportsTo=10, hireDate=1/1/2019, streetAddress=41 Randy Pass, city=Boston, state=Massachusetts, zip=02124, phone=611-772-4221, email=bpavluk2@admin.ch] was sent
2020-02-24 21:35:02 INFO  WorkerController:55 - A request to update a worker personal information was received
2020-02-24 21:35:03 INFO  WorkerDAOImpl:55 - Worker with ID: 1sucessfully updated
2020-02-24 21:35:03 INFO  WorkerController:57 - Worker [workerId=1, lastName=Ten the III, firstName=Kevin, username=benjamin721, passCode=benchee5151, title=Data Coordiator, reportsTo=10, hireDate=1/1/2019, streetAddress=41 Randy Pass, city=Boston, state=Massachusetts, zip=02124, phone=611-772-4221, email=bpavluk2@admin.ch] updated and sent to caller
2020-02-24 21:35:13 INFO  WorkerController:55 - A request to update a worker personal information was received
2020-02-24 21:35:13 INFO  WorkerDAOImpl:55 - Worker with ID: 1sucessfully updated
2020-02-24 21:35:13 INFO  WorkerController:57 - Worker [workerId=1, lastName=Ten the III, firstName=Kevin, username=benjamin721, passCode=benchee5151, title=Data Coordiator, reportsTo=10, hireDate=1/1/2019, streetAddress=41 Randy Pass, city=Boston, state=Massachusetts, zip=02124, phone=611-772-4221, email=bpavluk2@admin.ch] updated and sent to caller
2020-02-24 21:35:18 INFO  WorkerController:55 - A request to update a worker personal information was received
2020-02-24 21:35:18 INFO  WorkerDAOImpl:55 - Worker with ID: 1sucessfully updated
2020-02-24 21:35:19 INFO  WorkerController:57 - Worker [workerId=1, lastName=Ten the III, firstName=Kevin, username=benjamin721, passCode=benchee5151, title=Data Coordiator, reportsTo=10, hireDate=1/1/2019, streetAddress=41 Randy Pass, city=Boston, state=Massachusetts, zip=02124, phone=611-772-4221, email=bpavluk2@admin.ch] updated and sent to caller
2020-02-24 21:35:27 INFO  WorkerController:55 - A request to update a worker personal information was received
2020-02-24 21:35:28 INFO  WorkerDAOImpl:55 - Worker with ID: 1sucessfully updated
2020-02-24 21:35:28 INFO  WorkerController:57 - Worker [workerId=1, lastName=Ten the III, firstName=Ben, username=benjamin721, passCode=benchee5151, title=Data Coordiator, reportsTo=10, hireDate=1/1/2019, streetAddress=41 Randy Pass, city=Boston, state=Massachusetts, zip=02124, phone=611-772-4221, email=bpavluk2@admin.ch] updated and sent to caller
2020-02-24 21:40:27 INFO  WorkerController:39 - Get request for worker with ID: 1 was called
2020-02-24 21:40:27 INFO  WorkerDAOImpl:39 - Worker with ID: 1gethered.
2020-02-24 21:40:27 INFO  WorkerController:41 - Worker = Worker [workerId=1, lastName=Ten the III, firstName=Ben, username=benjamin721, passCode=benchee5151, title=Data Coordiator, reportsTo=10, hireDate=1/1/2019, streetAddress=41 Randy Pass, city=Boston, state=Massachusetts, zip=02124, phone=611-772-4221, email=bpavluk2@admin.ch] was sent
2020-02-24 21:40:33 INFO  WorkerController:55 - A request to update a worker personal information was received
2020-02-24 21:40:33 INFO  WorkerDAOImpl:55 - Worker with ID: 1sucessfully updated
2020-02-24 21:40:33 INFO  WorkerController:57 - Worker [workerId=1, lastName=Ten the III, firstName=Kevin, username=benjamin721, passCode=benchee5151, title=Data Coordiator, reportsTo=10, hireDate=1/1/2019, streetAddress=41 Randy Pass, city=Boston, state=Massachusetts, zip=02124, phone=611-772-4221, email=bpavluk2@admin.ch] updated and sent to caller
2020-02-24 21:40:38 INFO  WorkerController:55 - A request to update a worker personal information was received
2020-02-24 21:40:38 INFO  WorkerDAOImpl:55 - Worker with ID: 1sucessfully updated
2020-02-24 21:40:38 INFO  WorkerController:57 - Worker [workerId=1, lastName=Ten the III, firstName=Ben, username=benjamin721, passCode=benchee5151, title=Data Coordiator, reportsTo=10, hireDate=1/1/2019, streetAddress=41 Randy Pass, city=Boston, state=Massachusetts, zip=02124, phone=611-772-4221, email=bpavluk2@admin.ch] updated and sent to caller
2020-02-24 21:40:46 INFO  RequestController:57 - List of pending requests for worker with ID:1 was called for and information was sent to caller
2020-02-24 21:40:49 INFO  RequestController:51 - List of non-pending requests for worker with ID:1 was called for and information was sent to caller
2020-02-24 21:40:55 INFO  RequestController:64 - A request to add a request was received
2020-02-24 21:40:56 INFO  RequestDAOImpl:49 - Request with ID: 63sucessfully inserted
2020-02-24 21:40:56 INFO  RequestController:66 - Request [reqId=63, empId=1, amount=10.0, description=I dont know, status=PENDING, resolvedBy=--] created and sent to caller
2020-02-24 21:40:59 INFO  RequestController:57 - List of pending requests for worker with ID:1 was called for and information was sent to caller
2020-02-24 21:41:05 INFO  WorkerController:33 - List of all workers was called for sent.
2020-02-24 21:41:06 INFO  WorkerDAOImpl:30 - List of all workers was successfuly gathered
2020-02-24 21:41:13 INFO  RequestController:38 - List of all pending requests was called for and information was sent to caller
2020-02-24 21:41:14 INFO  WorkerDAOImpl:39 - Worker with ID: 10gethered.
2020-02-24 21:41:14 INFO  WorkerController:49 - Name: Gwen Downgston sent
2020-02-24 21:41:36 INFO  RequestController:73 - A request to update a request was received
2020-02-24 21:41:36 INFO  RequestDAOImpl:57 - Request with ID: 33sucessfully updated
2020-02-24 21:41:36 INFO  RequestController:75 - Request [reqId=33, empId=6, amount=444.0, description=Lyft Transportation, status=APPROVED, resolvedBy=Gwen Downgston] updated and sent to caller
2020-02-24 21:41:36 INFO  RequestController:76 - New updated list of pending request was sent to caller successfuly
2020-02-24 21:41:39 INFO  RequestController:73 - A request to update a request was received
2020-02-24 21:41:39 INFO  RequestDAOImpl:57 - Request with ID: 44sucessfully updated
2020-02-24 21:41:40 INFO  RequestController:75 - Request [reqId=44, empId=10, amount=40.0, description=Bought something random, status=DENIED, resolvedBy=Gwen Downgston] updated and sent to caller
2020-02-24 21:41:40 INFO  RequestController:76 - New updated list of pending request was sent to caller successfuly
2020-02-24 21:41:46 INFO  WorkerController:33 - List of all workers was called for sent.
2020-02-24 21:41:47 INFO  WorkerDAOImpl:30 - List of all workers was successfuly gathered
2020-02-24 21:44:20 INFO  RequestController:57 - List of pending requests for worker with ID:1 was called for and information was sent to caller
2020-02-24 21:44:28 INFO  RequestController:51 - List of non-pending requests for worker with ID:1 was called for and information was sent to caller
2020-02-24 21:44:34 INFO  WorkerController:39 - Get request for worker with ID: 1 was called
2020-02-24 21:44:34 INFO  WorkerDAOImpl:39 - Worker with ID: 1gethered.
2020-02-24 21:44:34 INFO  WorkerController:41 - Worker = Worker [workerId=1, lastName=Ten the III, firstName=Ben, username=benjamin721, passCode=benchee5151, title=Data Coordiator, reportsTo=10, hireDate=1/1/2019, streetAddress=41 Randy Pass, city=Boston, state=Massachusetts, zip=02124, phone=611-772-4221, email=bpavluk2@admin.ch] was sent
2020-02-24 21:45:05 INFO  RequestController:57 - List of pending requests for worker with ID:1 was called for and information was sent to caller
2020-02-24 21:45:07 INFO  RequestController:51 - List of non-pending requests for worker with ID:1 was called for and information was sent to caller
2020-02-24 21:45:12 INFO  WorkerController:33 - List of all workers was called for sent.
2020-02-24 21:45:12 INFO  WorkerDAOImpl:30 - List of all workers was successfuly gathered
2020-02-24 21:45:18 INFO  RequestController:44 - List of all non-pending requests was called for and information was sent to caller
2020-02-24 21:48:28 INFO  WorkerController:33 - List of all workers was called for sent.
2020-02-24 21:48:28 INFO  WorkerDAOImpl:30 - List of all workers was successfuly gathered
2020-02-24 21:48:28 INFO  WorkerController:33 - List of all workers was called for sent.
2020-02-24 21:48:29 INFO  WorkerDAOImpl:30 - List of all workers was successfuly gathered
2020-02-24 21:49:41 INFO  RequestController:57 - List of pending requests for worker with ID:1 was called for and information was sent to caller
2020-02-24 21:49:44 INFO  RequestController:51 - List of non-pending requests for worker with ID:1 was called for and information was sent to caller
2020-02-24 21:49:48 INFO  WorkerController:33 - List of all workers was called for sent.
2020-02-24 21:49:48 INFO  WorkerDAOImpl:30 - List of all workers was successfuly gathered
2020-02-24 21:49:51 INFO  WorkerController:39 - Get request for worker with ID: 10 was called
2020-02-24 21:49:52 INFO  WorkerDAOImpl:39 - Worker with ID: 10gethered.
2020-02-24 21:49:52 INFO  WorkerController:41 - Worker = Worker [workerId=10, lastName=Downgston, firstName=Gwen, username=benjamin720, passCode=benchee5050, title=Manager, reportsTo=0, hireDate=1/1/2016, streetAddress=43255 Pennman, city=St Louis, state=Missouri, zip=77544, phone=617-772-4221, email=ben10@yahoo.com] was sent
2020-02-24 21:49:55 INFO  RequestController:44 - List of all non-pending requests was called for and information was sent to caller
2020-02-24 21:49:57 INFO  RequestController:38 - List of all pending requests was called for and information was sent to caller
2020-02-24 21:49:58 INFO  WorkerDAOImpl:39 - Worker with ID: 10gethered.
2020-02-24 21:49:58 INFO  WorkerController:49 - Name: Gwen Downgston sent
2020-02-24 21:50:00 INFO  RequestController:73 - A request to update a request was received
2020-02-24 21:50:01 INFO  RequestDAOImpl:57 - Request with ID: 29sucessfully updated
2020-02-24 21:50:01 INFO  RequestController:75 - Request [reqId=29, empId=9, amount=444.0, description=Lyft Transportation, status=DENIED, resolvedBy=Gwen Downgston] updated and sent to caller
2020-02-24 21:50:01 INFO  RequestController:76 - New updated list of pending request was sent to caller successfuly
2020-02-24 21:50:05 INFO  RequestController:44 - List of all non-pending requests was called for and information was sent to caller
2020-02-24 21:50:14 INFO  WorkerController:39 - Get request for worker with ID: 10 was called
2020-02-24 21:50:14 INFO  WorkerDAOImpl:39 - Worker with ID: 10gethered.
2020-02-24 21:50:14 INFO  WorkerController:41 - Worker = Worker [workerId=10, lastName=Downgston, firstName=Gwen, username=benjamin720, passCode=benchee5050, title=Manager, reportsTo=0, hireDate=1/1/2016, streetAddress=43255 Pennman, city=St Louis, state=Missouri, zip=77544, phone=617-772-4221, email=ben10@yahoo.com] was sent
2020-02-25 15:05:49 INFO  Version:66 - HCANN000001: Hibernate Commons Annotations {4.0.5.Final}
2020-02-25 15:05:49 INFO  Version:54 - HHH000412: Hibernate Core {4.3.11.Final}
2020-02-25 15:05:49 INFO  Environment:239 - HHH000206: hibernate.properties not found
2020-02-25 15:05:49 INFO  Environment:346 - HHH000021: Bytecode provider name : javassist
2020-02-25 15:05:51 INFO  Dialect:145 - HHH000400: Using dialect: com.revature.util.Oracle10gDialectExtended
2020-02-25 15:05:51 INFO  TransactionFactoryInitiator:62 - HHH000399: Using default transaction strategy (direct JDBC transactions)
2020-02-25 15:05:51 INFO  ASTQueryTranslatorFactory:47 - HHH000397: Using ASTQueryTranslatorFactory
2020-02-25 15:05:51 INFO  SchemaValidator:157 - HHH000229: Running schema validator
2020-02-25 15:05:51 INFO  SchemaValidator:165 - HHH000102: Fetching database metadata
2020-02-25 15:05:53 INFO  TableMetadata:65 - HHH000261: Table found: ADMIN.REQUEST
2020-02-25 15:05:53 INFO  TableMetadata:66 - HHH000037: Columns: [empid, amount, resolvedby, description, reqid, status]
2020-02-25 15:05:54 INFO  TableMetadata:65 - HHH000261: Table found: ADMIN.WORKER
2020-02-25 15:05:54 INFO  TableMetadata:66 - HHH000037: Columns: [zip, workerid, firstname, city, reportsto, title, hiredate, lastname, phone, streetaddress, state, passcode, email, username]
2020-02-25 15:10:52 INFO  WorkerController:33 - List of all workers was called for sent.
2020-02-25 15:10:53 INFO  WorkerDAOImpl:30 - List of all workers was successfuly gathered
2020-02-25 15:10:53 INFO  WorkerController:33 - List of all workers was called for sent.
2020-02-25 15:10:53 INFO  WorkerDAOImpl:30 - List of all workers was successfuly gathered
2020-02-25 15:10:59 INFO  WorkerController:33 - List of all workers was called for sent.
2020-02-25 15:10:59 INFO  WorkerDAOImpl:30 - List of all workers was successfuly gathered
2020-02-25 15:44:29 INFO  Version:66 - HCANN000001: Hibernate Commons Annotations {4.0.5.Final}
2020-02-25 15:44:29 INFO  Version:54 - HHH000412: Hibernate Core {4.3.11.Final}
2020-02-25 15:44:29 INFO  Environment:239 - HHH000206: hibernate.properties not found
2020-02-25 15:44:29 INFO  Environment:346 - HHH000021: Bytecode provider name : javassist
2020-02-25 15:44:30 INFO  Dialect:145 - HHH000400: Using dialect: com.revature.util.Oracle10gDialectExtended
2020-02-25 15:44:31 INFO  TransactionFactoryInitiator:62 - HHH000399: Using default transaction strategy (direct JDBC transactions)
2020-02-25 15:44:31 INFO  ASTQueryTranslatorFactory:47 - HHH000397: Using ASTQueryTranslatorFactory
2020-02-25 15:44:31 INFO  SchemaValidator:157 - HHH000229: Running schema validator
2020-02-25 15:44:31 INFO  SchemaValidator:165 - HHH000102: Fetching database metadata
2020-02-25 15:44:33 INFO  TableMetadata:65 - HHH000261: Table found: ADMIN.REQUEST
2020-02-25 15:44:33 INFO  TableMetadata:66 - HHH000037: Columns: [empid, amount, resolvedby, description, reqid, status]
2020-02-25 15:44:33 INFO  TableMetadata:65 - HHH000261: Table found: ADMIN.WORKER
2020-02-25 15:44:33 INFO  TableMetadata:66 - HHH000037: Columns: [zip, workerid, firstname, city, reportsto, title, hiredate, lastname, phone, streetaddress, state, passcode, email, username]
2020-02-25 16:01:18 INFO  Version:66 - HCANN000001: Hibernate Commons Annotations {4.0.5.Final}
2020-02-25 16:01:18 INFO  Version:54 - HHH000412: Hibernate Core {4.3.11.Final}
2020-02-25 16:01:18 INFO  Environment:239 - HHH000206: hibernate.properties not found
2020-02-25 16:01:18 INFO  Environment:346 - HHH000021: Bytecode provider name : javassist
2020-02-25 16:01:19 INFO  Dialect:145 - HHH000400: Using dialect: com.revature.util.Oracle10gDialectExtended
2020-02-25 16:01:19 INFO  TransactionFactoryInitiator:62 - HHH000399: Using default transaction strategy (direct JDBC transactions)
2020-02-25 16:01:19 INFO  ASTQueryTranslatorFactory:47 - HHH000397: Using ASTQueryTranslatorFactory
2020-02-25 16:01:19 INFO  SchemaValidator:157 - HHH000229: Running schema validator
2020-02-25 16:01:19 INFO  SchemaValidator:165 - HHH000102: Fetching database metadata
2020-02-25 16:01:21 INFO  TableMetadata:65 - HHH000261: Table found: ADMIN.REQUEST
2020-02-25 16:01:21 INFO  TableMetadata:66 - HHH000037: Columns: [empid, amount, resolvedby, description, reqid, status]
2020-02-25 16:01:22 INFO  TableMetadata:65 - HHH000261: Table found: ADMIN.WORKER
2020-02-25 16:01:22 INFO  TableMetadata:66 - HHH000037: Columns: [zip, workerid, firstname, city, reportsto, title, hiredate, lastname, phone, streetaddress, state, passcode, email, username]
2020-02-25 16:01:28 INFO  WorkerController:33 - List of all workers was called for sent.
2020-02-25 16:01:29 INFO  WorkerDAOImpl:30 - List of all workers was successfuly gathered
2020-02-25 16:01:32 INFO  RequestController:57 - List of pending requests for worker with ID:1 was called for and information was sent to caller
2020-02-25 16:01:36 INFO  RequestController:51 - List of non-pending requests for worker with ID:1 was called for and information was sent to caller
2020-02-25 16:01:54 INFO  WorkerController:33 - List of all workers was called for sent.
2020-02-25 16:01:54 INFO  WorkerDAOImpl:30 - List of all workers was successfuly gathered
2020-02-25 16:02:15 INFO  RequestController:51 - List of non-pending requests for worker with ID:4 was called for and information was sent to caller
2020-02-25 16:02:23 INFO  RequestController:57 - List of pending requests for worker with ID:4 was called for and information was sent to caller
2020-02-25 16:02:35 INFO  RequestController:64 - A request to add a request was received
2020-02-25 16:02:36 INFO  RequestDAOImpl:49 - Request with ID: 64sucessfully inserted
2020-02-25 16:02:36 INFO  RequestController:66 - Request [reqId=64, empId=4, amount=40.0, description=Just for fun, status=PENDING, resolvedBy=--] created and sent to caller
2020-02-25 16:02:42 INFO  RequestController:57 - List of pending requests for worker with ID:4 was called for and information was sent to caller
2020-02-25 16:02:56 INFO  WorkerController:39 - Get request for worker with ID: 4 was called
2020-02-25 16:02:56 INFO  WorkerDAOImpl:39 - Worker with ID: 4gethered.
2020-02-25 16:02:56 INFO  WorkerController:41 - Worker = Worker [workerId=4, lastName=Pope, firstName=Steven, username=benjamin724, passCode=benchee5454, title=IT Tech, reportsTo=10, hireDate=5/2/2014, streetAddress=66474 Randy Pass, city=Boston, state=Massachusetts, zip=12345, phone=614-772-4224, email=ben4@admin.ch] was sent
2020-02-25 16:03:18 INFO  WorkerController:55 - A request to update a worker personal information was received
2020-02-25 16:03:19 INFO  WorkerDAOImpl:55 - Worker with ID: 4sucessfully updated
2020-02-25 16:03:19 INFO  WorkerController:57 - Worker [workerId=4, lastName=Pope, firstName=Stephen, username=benjamin724, passCode=benchee5454, title=IT Tech, reportsTo=10, hireDate=5/2/2014, streetAddress=66474 Randy Pass, city=Boston, state=Massachusetts, zip=12345, phone=614-772-4224, email=ben4@admin.ch] updated and sent to caller
2020-02-25 16:03:27 INFO  WorkerController:33 - List of all workers was called for sent.
2020-02-25 16:03:28 INFO  WorkerDAOImpl:30 - List of all workers was successfuly gathered
2020-02-25 16:03:44 INFO  RequestController:38 - List of all pending requests was called for and information was sent to caller
2020-02-25 16:03:45 INFO  WorkerDAOImpl:39 - Worker with ID: 10gethered.
2020-02-25 16:03:45 INFO  WorkerController:49 - Name: Gwen Downgston sent
2020-02-25 16:03:59 INFO  RequestController:44 - List of all non-pending requests was called for and information was sent to caller
2020-02-25 16:04:07 INFO  RequestController:38 - List of all pending requests was called for and information was sent to caller
2020-02-25 16:04:08 INFO  WorkerDAOImpl:39 - Worker with ID: 10gethered.
2020-02-25 16:04:08 INFO  WorkerController:49 - Name: Gwen Downgston sent
2020-02-25 16:04:23 INFO  WorkerController:33 - List of all workers was called for sent.
2020-02-25 16:04:24 INFO  WorkerDAOImpl:30 - List of all workers was successfuly gathered
2020-02-25 16:04:32 INFO  WorkerController:33 - List of all workers was called for sent.
2020-02-25 16:04:33 INFO  WorkerDAOImpl:30 - List of all workers was successfuly gathered
2020-02-25 16:04:46 INFO  RequestController:57 - List of pending requests for worker with ID:4 was called for and information was sent to caller
2020-02-25 16:05:02 INFO  RequestController:64 - A request to add a request was received
2020-02-25 16:05:02 INFO  RequestDAOImpl:49 - Request with ID: 65sucessfully inserted
2020-02-25 16:05:02 INFO  RequestController:66 - Request [reqId=65, empId=4, amount=10.0, description=Just for fun, status=PENDING, resolvedBy=--] created and sent to caller
2020-02-25 16:05:07 INFO  RequestController:57 - List of pending requests for worker with ID:4 was called for and information was sent to caller
2020-02-25 16:05:12 INFO  RequestController:51 - List of non-pending requests for worker with ID:4 was called for and information was sent to caller
2020-02-25 16:05:16 INFO  RequestController:57 - List of pending requests for worker with ID:4 was called for and information was sent to caller
2020-02-25 16:05:19 INFO  WorkerController:33 - List of all workers was called for sent.
2020-02-25 16:05:20 INFO  WorkerDAOImpl:30 - List of all workers was successfuly gathered
2020-02-25 16:05:38 INFO  RequestController:57 - List of pending requests for worker with ID:4 was called for and information was sent to caller
2020-02-25 16:05:38 INFO  RequestController:51 - List of non-pending requests for worker with ID:4 was called for and information was sent to caller
2020-02-25 16:06:01 INFO  RequestController:38 - List of all pending requests was called for and information was sent to caller
2020-02-25 16:06:01 INFO  WorkerDAOImpl:39 - Worker with ID: 10gethered.
2020-02-25 16:06:02 INFO  WorkerController:49 - Name: Gwen Downgston sent
2020-02-25 16:06:47 INFO  RequestController:73 - A request to update a request was received
2020-02-25 16:06:48 INFO  RequestDAOImpl:57 - Request with ID: 34sucessfully updated
2020-02-25 16:06:48 INFO  RequestController:75 - Request [reqId=34, empId=13, amount=200.0, description=New chair for office, status=DENIED, resolvedBy=Gwen Downgston] updated and sent to caller
2020-02-25 16:06:48 INFO  RequestController:76 - New updated list of pending request was sent to caller successfuly
2020-02-25 16:06:49 INFO  RequestController:73 - A request to update a request was received
2020-02-25 16:06:50 INFO  RequestDAOImpl:57 - Request with ID: 45sucessfully updated
2020-02-25 16:06:50 INFO  RequestController:75 - Request [reqId=45, empId=10, amount=10.0, description=I dont know, status=DENIED, resolvedBy=Gwen Downgston] updated and sent to caller
2020-02-25 16:06:50 INFO  RequestController:76 - New updated list of pending request was sent to caller successfuly
2020-02-25 16:06:58 INFO  RequestController:44 - List of all non-pending requests was called for and information was sent to caller
2020-02-25 16:07:11 INFO  RequestController:57 - List of pending requests for worker with ID:4 was called for and information was sent to caller
2020-02-25 16:07:11 INFO  RequestController:51 - List of non-pending requests for worker with ID:4 was called for and information was sent to caller
2020-02-25 16:07:25 INFO  RequestController:38 - List of all pending requests was called for and information was sent to caller
2020-02-25 16:07:26 INFO  WorkerDAOImpl:39 - Worker with ID: 10gethered.
2020-02-25 16:07:26 INFO  WorkerController:49 - Name: Gwen Downgston sent
2020-02-25 16:07:36 INFO  RequestController:73 - A request to update a request was received
2020-02-25 16:07:36 INFO  RequestDAOImpl:57 - Request with ID: 46sucessfully updated
2020-02-25 16:07:36 INFO  RequestController:75 - Request [reqId=46, empId=10, amount=33.0, description=Log test, status=DENIED, resolvedBy=Gwen Downgston] updated and sent to caller
2020-02-25 16:07:36 INFO  RequestController:76 - New updated list of pending request was sent to caller successfuly
2020-02-25 16:07:52 INFO  RequestController:44 - List of all non-pending requests was called for and information was sent to caller
2020-02-25 16:08:00 INFO  RequestController:38 - List of all pending requests was called for and information was sent to caller
2020-02-25 16:08:01 INFO  WorkerDAOImpl:39 - Worker with ID: 10gethered.
2020-02-25 16:08:01 INFO  WorkerController:49 - Name: Gwen Downgston sent
2020-02-25 16:08:35 INFO  RequestController:38 - List of all pending requests was called for and information was sent to caller
2020-02-25 16:08:36 INFO  WorkerDAOImpl:39 - Worker with ID: 10gethered.
2020-02-25 16:08:36 INFO  WorkerController:49 - Name: Gwen Downgston sent
2020-02-25 16:08:42 INFO  WorkerController:33 - List of all workers was called for sent.
2020-02-25 16:08:43 INFO  WorkerDAOImpl:30 - List of all workers was successfuly gathered
2020-02-25 16:08:49 INFO  WorkerController:33 - List of all workers was called for sent.
2020-02-25 16:08:49 INFO  WorkerDAOImpl:30 - List of all workers was successfuly gathered
2020-02-25 16:08:58 INFO  RequestController:64 - A request to add a request was received
2020-02-25 16:08:58 INFO  RequestDAOImpl:49 - Request with ID: 66sucessfully inserted
2020-02-25 16:08:58 INFO  RequestController:66 - Request [reqId=66, empId=1, amount=70.0, description=Bought something random, status=PENDING, resolvedBy=--] created and sent to caller
2020-02-25 16:09:03 INFO  WorkerController:33 - List of all workers was called for sent.
2020-02-25 16:09:04 INFO  WorkerDAOImpl:30 - List of all workers was successfuly gathered
2020-02-25 16:09:10 INFO  RequestController:38 - List of all pending requests was called for and information was sent to caller
2020-02-25 16:09:10 INFO  WorkerDAOImpl:39 - Worker with ID: 10gethered.
2020-02-25 16:09:11 INFO  WorkerController:49 - Name: Gwen Downgston sent
2020-02-25 16:09:43 INFO  WorkerController:33 - List of all workers was called for sent.
2020-02-25 16:09:43 INFO  WorkerDAOImpl:30 - List of all workers was successfuly gathered
2020-02-25 16:10:13 INFO  RequestController:64 - A request to add a request was received
2020-02-25 16:10:13 INFO  RequestDAOImpl:49 - Request with ID: 67sucessfully inserted
2020-02-25 16:10:13 INFO  RequestController:66 - Request [reqId=67, empId=2, amount=70.0, description=Bought something random, status=PENDING, resolvedBy=--] created and sent to caller
2020-02-25 16:10:16 INFO  WorkerController:33 - List of all workers was called for sent.
2020-02-25 16:10:16 INFO  WorkerDAOImpl:30 - List of all workers was successfuly gathered
2020-02-25 16:10:29 INFO  RequestController:38 - List of all pending requests was called for and information was sent to caller
2020-02-25 16:10:29 INFO  WorkerDAOImpl:39 - Worker with ID: 10gethered.
2020-02-25 16:10:29 INFO  WorkerController:49 - Name: Gwen Downgston sent
2020-02-25 16:11:09 INFO  WorkerController:33 - List of all workers was called for sent.
2020-02-25 16:11:10 INFO  WorkerDAOImpl:30 - List of all workers was successfuly gathered
2020-02-25 16:11:16 INFO  RequestController:57 - List of pending requests for worker with ID:4 was called for and information was sent to caller
2020-02-25 16:11:23 INFO  RequestController:51 - List of non-pending requests for worker with ID:4 was called for and information was sent to caller
2020-02-25 16:16:54 INFO  Version:66 - HCANN000001: Hibernate Commons Annotations {4.0.5.Final}
2020-02-25 16:16:54 INFO  Version:54 - HHH000412: Hibernate Core {4.3.11.Final}
2020-02-25 16:16:54 INFO  Environment:239 - HHH000206: hibernate.properties not found
2020-02-25 16:16:54 INFO  Environment:346 - HHH000021: Bytecode provider name : javassist
2020-02-25 16:16:55 INFO  Dialect:145 - HHH000400: Using dialect: com.revature.util.Oracle10gDialectExtended
2020-02-25 16:16:56 INFO  TransactionFactoryInitiator:62 - HHH000399: Using default transaction strategy (direct JDBC transactions)
2020-02-25 16:16:56 INFO  ASTQueryTranslatorFactory:47 - HHH000397: Using ASTQueryTranslatorFactory
2020-02-25 16:16:56 INFO  SchemaValidator:157 - HHH000229: Running schema validator
2020-02-25 16:16:56 INFO  SchemaValidator:165 - HHH000102: Fetching database metadata
2020-02-25 16:16:58 INFO  TableMetadata:65 - HHH000261: Table found: ADMIN.REQUEST
2020-02-25 16:16:58 INFO  TableMetadata:66 - HHH000037: Columns: [empid, amount, resolvedby, description, reqid, status]
2020-02-25 16:16:58 INFO  TableMetadata:65 - HHH000261: Table found: ADMIN.WORKER
2020-02-25 16:16:58 INFO  TableMetadata:66 - HHH000037: Columns: [zip, workerid, firstname, city, reportsto, title, hiredate, lastname, phone, streetaddress, state, passcode, email, username]
2020-02-25 16:17:05 INFO  WorkerController:33 - List of all workers was called for sent.
2020-02-25 16:17:06 INFO  WorkerDAOImpl:30 - List of all workers was successfuly gathered
2020-02-25 16:17:07 INFO  WorkerController:33 - List of all workers was called for sent.
2020-02-25 16:17:07 INFO  WorkerDAOImpl:30 - List of all workers was successfuly gathered
2020-02-25 16:17:23 INFO  RequestController:64 - A request to add a request was received
2020-02-25 16:17:23 INFO  RequestDAOImpl:49 - Request with ID: 36sucessfully inserted
2020-02-25 16:17:23 INFO  RequestController:66 - Request [reqId=36, empId=1, amount=40.0, description=Bought something random, status=PENDING, resolvedBy=--] created and sent to caller
2020-02-25 16:17:29 INFO  RequestController:57 - List of pending requests for worker with ID:1 was called for and information was sent to caller
2020-02-25 16:17:40 INFO  RequestController:57 - List of pending requests for worker with ID:1 was called for and information was sent to caller
2020-02-25 16:17:43 INFO  WorkerController:33 - List of all workers was called for sent.
2020-02-25 16:17:43 INFO  WorkerDAOImpl:30 - List of all workers was successfuly gathered
2020-02-25 16:17:47 INFO  RequestController:38 - List of all pending requests was called for and information was sent to caller
2020-02-25 16:17:48 INFO  WorkerDAOImpl:39 - Worker with ID: 10gethered.
2020-02-25 16:17:48 INFO  WorkerController:49 - Name: Gwen Dover sent
2020-02-25 16:18:27 INFO  WorkerController:33 - List of all workers was called for sent.
2020-02-25 16:18:28 INFO  WorkerDAOImpl:30 - List of all workers was successfuly gathered
2020-02-25 16:18:41 INFO  RequestController:64 - A request to add a request was received
2020-02-25 16:18:42 INFO  RequestDAOImpl:49 - Request with ID: 37sucessfully inserted
2020-02-25 16:18:42 INFO  RequestController:66 - Request [reqId=37, empId=4, amount=10.0, description=Bought something random, status=PENDING, resolvedBy=--] created and sent to caller
2020-02-25 16:18:47 INFO  WorkerController:33 - List of all workers was called for sent.
2020-02-25 16:18:48 INFO  WorkerDAOImpl:30 - List of all workers was successfuly gathered
2020-02-25 16:18:55 INFO  RequestController:38 - List of all pending requests was called for and information was sent to caller
2020-02-25 16:18:55 INFO  WorkerDAOImpl:39 - Worker with ID: 10gethered.
2020-02-25 16:18:55 INFO  WorkerController:49 - Name: Gwen Dover sent
2020-02-25 16:19:33 INFO  RequestController:38 - List of all pending requests was called for and information was sent to caller
2020-02-25 16:19:34 INFO  WorkerDAOImpl:39 - Worker with ID: 10gethered.
2020-02-25 16:19:34 INFO  WorkerController:49 - Name: Gwen Dover sent
2020-02-25 16:21:19 INFO  RequestController:32 - List of all requests was called for and information was sent to caller
2020-02-25 16:21:20 INFO  RequestDAOImpl:30 - List of all requests was successfuly gathered
2020-02-25 16:21:29 INFO  RequestController:38 - List of all pending requests was called for and information was sent to caller
2020-02-25 16:23:52 INFO  RequestController:64 - A request to add a request was received
2020-02-25 16:23:53 INFO  RequestDAOImpl:49 - Request with ID: 38sucessfully inserted
2020-02-25 16:23:53 INFO  RequestController:66 - Request [reqId=38, empId=10, amount=40.0, description=Plumbing, status=PENDING, resolvedBy=--] created and sent to caller
2020-02-25 16:28:41 INFO  WorkerController:33 - List of all workers was called for sent.
2020-02-25 16:28:42 INFO  WorkerDAOImpl:30 - List of all workers was successfuly gathered
2020-02-25 16:29:02 INFO  RequestController:64 - A request to add a request was received
2020-02-25 16:29:02 INFO  RequestDAOImpl:49 - Request with ID: 40sucessfully inserted
2020-02-25 16:29:03 INFO  RequestController:66 - Request [reqId=40, empId=1, amount=10.0, description=Plumbing, status=PENDING, resolvedBy=--] created and sent to caller
2020-02-25 16:29:31 INFO  RequestController:64 - A request to add a request was received
2020-02-25 16:29:32 INFO  RequestDAOImpl:49 - Request with ID: 41sucessfully inserted
2020-02-25 16:29:32 INFO  RequestController:66 - Request [reqId=41, empId=1, amount=10.0, description=Bought something random, status=PENDING, resolvedBy=--] created and sent to caller
2020-02-25 16:34:13 INFO  RequestController:64 - A request to add a request was received
2020-02-25 16:34:13 INFO  RequestDAOImpl:49 - Request with ID: 42sucessfully inserted
2020-02-25 16:34:14 INFO  RequestController:66 - Request [reqId=42, empId=1, amount=70.0, description=Just for fun, status=PENDING, resolvedBy=--] created and sent to caller
2020-02-25 16:39:36 INFO  Version:66 - HCANN000001: Hibernate Commons Annotations {4.0.5.Final}
2020-02-25 16:39:36 INFO  Version:54 - HHH000412: Hibernate Core {4.3.11.Final}
2020-02-25 16:39:36 INFO  Environment:239 - HHH000206: hibernate.properties not found
2020-02-25 16:39:36 INFO  Environment:346 - HHH000021: Bytecode provider name : javassist
2020-02-25 16:39:37 INFO  Dialect:145 - HHH000400: Using dialect: com.revature.util.Oracle10gDialectExtended
2020-02-25 16:39:37 INFO  TransactionFactoryInitiator:62 - HHH000399: Using default transaction strategy (direct JDBC transactions)
2020-02-25 16:39:37 INFO  ASTQueryTranslatorFactory:47 - HHH000397: Using ASTQueryTranslatorFactory
2020-02-25 16:39:37 INFO  SchemaValidator:157 - HHH000229: Running schema validator
2020-02-25 16:39:37 INFO  SchemaValidator:165 - HHH000102: Fetching database metadata
2020-02-25 16:39:39 INFO  TableMetadata:65 - HHH000261: Table found: ADMIN.REQUEST
2020-02-25 16:39:39 INFO  TableMetadata:66 - HHH000037: Columns: [empid, amount, resolvedby, description, reqid, status]
2020-02-25 16:39:40 INFO  TableMetadata:65 - HHH000261: Table found: ADMIN.WORKER
2020-02-25 16:39:40 INFO  TableMetadata:66 - HHH000037: Columns: [zip, workerid, firstname, city, reportsto, title, hiredate, lastname, phone, streetaddress, state, passcode, email, username]
2020-02-25 16:40:52 INFO  WorkerController:33 - List of all workers was called for sent.
2020-02-25 16:40:53 INFO  WorkerDAOImpl:30 - List of all workers was successfuly gathered
2020-02-25 16:41:09 INFO  RequestDAOImpl:49 - Request with ID: 43sucessfully inserted
2020-02-25 16:43:02 INFO  Version:66 - HCANN000001: Hibernate Commons Annotations {4.0.5.Final}
2020-02-25 16:43:02 INFO  Version:54 - HHH000412: Hibernate Core {4.3.11.Final}
2020-02-25 16:43:02 INFO  Environment:239 - HHH000206: hibernate.properties not found
2020-02-25 16:43:02 INFO  Environment:346 - HHH000021: Bytecode provider name : javassist
2020-02-25 16:43:03 INFO  Dialect:145 - HHH000400: Using dialect: com.revature.util.Oracle10gDialectExtended
2020-02-25 16:43:04 INFO  TransactionFactoryInitiator:62 - HHH000399: Using default transaction strategy (direct JDBC transactions)
2020-02-25 16:43:04 INFO  ASTQueryTranslatorFactory:47 - HHH000397: Using ASTQueryTranslatorFactory
2020-02-25 16:43:04 INFO  SchemaValidator:157 - HHH000229: Running schema validator
2020-02-25 16:43:04 INFO  SchemaValidator:165 - HHH000102: Fetching database metadata
2020-02-25 16:43:06 INFO  TableMetadata:65 - HHH000261: Table found: ADMIN.REQUEST
2020-02-25 16:43:06 INFO  TableMetadata:66 - HHH000037: Columns: [empid, amount, resolvedby, description, reqid, status]
2020-02-25 16:43:06 INFO  TableMetadata:65 - HHH000261: Table found: ADMIN.WORKER
2020-02-25 16:43:06 INFO  TableMetadata:66 - HHH000037: Columns: [zip, workerid, firstname, city, reportsto, title, hiredate, lastname, phone, streetaddress, state, passcode, email, username]
2020-02-25 16:56:02 INFO  RequestController:57 - List of pending requests for worker with ID:1 was called for and information was sent to caller
2020-02-25 16:56:18 INFO  RequestController:51 - List of non-pending requests for worker with ID:1 was called for and information was sent to caller
2020-02-25 16:56:20 INFO  RequestController:57 - List of pending requests for worker with ID:1 was called for and information was sent to caller
2020-02-25 16:56:35 INFO  WorkerController:33 - List of all workers was called for sent.
2020-02-25 16:56:35 INFO  WorkerDAOImpl:30 - List of all workers was successfuly gathered
2020-02-25 16:56:45 INFO  RequestController:44 - List of all non-pending requests was called for and information was sent to caller
2020-02-25 16:57:01 INFO  RequestController:38 - List of all pending requests was called for and information was sent to caller
2020-02-25 16:57:01 INFO  WorkerDAOImpl:39 - Worker with ID: 10gethered.
2020-02-25 16:57:01 INFO  WorkerController:49 - Name: Gwen Dover sent
2020-02-25 16:57:03 INFO  RequestController:73 - A request to update a request was received
2020-02-25 16:57:04 INFO  RequestDAOImpl:57 - Request with ID: 42sucessfully updated
2020-02-25 16:57:04 INFO  RequestController:75 - Request [reqId=42, empId=1, amount=70.0, description=Just for fun, status=DENIED, resolvedBy=Gwen Dover] updated and sent to caller
2020-02-25 16:57:04 INFO  RequestController:76 - New updated list of pending request was sent to caller successfuly
2020-02-25 16:57:05 INFO  RequestController:73 - A request to update a request was received
2020-02-25 16:57:06 INFO  RequestDAOImpl:57 - Request with ID: 38sucessfully updated
2020-02-25 16:57:06 INFO  RequestController:75 - Request [reqId=38, empId=10, amount=40.0, description=Plumbing, status=DENIED, resolvedBy=Gwen Dover] updated and sent to caller
2020-02-25 16:57:06 INFO  RequestController:76 - New updated list of pending request was sent to caller successfuly
2020-02-25 16:57:07 INFO  RequestController:73 - A request to update a request was received
2020-02-25 16:57:08 INFO  RequestDAOImpl:57 - Request with ID: 41sucessfully updated
2020-02-25 16:57:08 INFO  RequestController:75 - Request [reqId=41, empId=1, amount=10.0, description=Bought something random, status=APPROVED, resolvedBy=Gwen Dover] updated and sent to caller
2020-02-25 16:57:08 INFO  RequestController:76 - New updated list of pending request was sent to caller successfuly
2020-02-25 16:57:09 INFO  RequestController:73 - A request to update a request was received
2020-02-25 16:57:10 INFO  RequestDAOImpl:57 - Request with ID: 37sucessfully updated
2020-02-25 16:57:10 INFO  RequestController:75 - Request [reqId=37, empId=4, amount=10.0, description=Bought something random, status=APPROVED, resolvedBy=Gwen Dover] updated and sent to caller
2020-02-25 16:57:10 INFO  RequestController:76 - New updated list of pending request was sent to caller successfuly
2020-02-25 16:57:13 INFO  WorkerController:33 - List of all workers was called for sent.
2020-02-25 16:57:13 INFO  WorkerDAOImpl:30 - List of all workers was successfuly gathered
2020-02-25 16:57:19 INFO  RequestController:44 - List of all non-pending requests was called for and information was sent to caller
2020-02-25 17:11:11 INFO  Version:66 - HCANN000001: Hibernate Commons Annotations {4.0.5.Final}
2020-02-25 17:11:11 INFO  Version:54 - HHH000412: Hibernate Core {4.3.11.Final}
2020-02-25 17:11:11 INFO  Environment:239 - HHH000206: hibernate.properties not found
2020-02-25 17:11:11 INFO  Environment:346 - HHH000021: Bytecode provider name : javassist
2020-02-25 17:11:12 INFO  Dialect:145 - HHH000400: Using dialect: com.revature.util.Oracle10gDialectExtended
2020-02-25 17:11:13 INFO  TransactionFactoryInitiator:62 - HHH000399: Using default transaction strategy (direct JDBC transactions)
2020-02-25 17:11:13 INFO  ASTQueryTranslatorFactory:47 - HHH000397: Using ASTQueryTranslatorFactory
2020-02-25 17:11:13 INFO  SchemaValidator:157 - HHH000229: Running schema validator
2020-02-25 17:11:13 INFO  SchemaValidator:165 - HHH000102: Fetching database metadata
2020-02-25 17:11:15 INFO  TableMetadata:65 - HHH000261: Table found: ADMIN.REQUEST
2020-02-25 17:11:15 INFO  TableMetadata:66 - HHH000037: Columns: [empid, amount, resolvedby, description, reqid, status]
2020-02-25 17:11:15 INFO  TableMetadata:65 - HHH000261: Table found: ADMIN.WORKER
2020-02-25 17:11:15 INFO  TableMetadata:66 - HHH000037: Columns: [zip, workerid, firstname, city, reportsto, title, hiredate, lastname, phone, streetaddress, state, passcode, email, username]
2020-02-25 17:12:34 INFO  Version:66 - HCANN000001: Hibernate Commons Annotations {4.0.5.Final}
2020-02-25 17:12:34 INFO  Version:54 - HHH000412: Hibernate Core {4.3.11.Final}
2020-02-25 17:12:34 INFO  Environment:239 - HHH000206: hibernate.properties not found
2020-02-25 17:12:34 INFO  Environment:346 - HHH000021: Bytecode provider name : javassist
2020-02-25 17:12:35 INFO  Dialect:145 - HHH000400: Using dialect: com.revature.util.Oracle10gDialectExtended
2020-02-25 17:12:36 INFO  TransactionFactoryInitiator:62 - HHH000399: Using default transaction strategy (direct JDBC transactions)
2020-02-25 17:12:36 INFO  ASTQueryTranslatorFactory:47 - HHH000397: Using ASTQueryTranslatorFactory
2020-02-25 17:12:36 INFO  SchemaValidator:157 - HHH000229: Running schema validator
2020-02-25 17:12:36 INFO  SchemaValidator:165 - HHH000102: Fetching database metadata
2020-02-25 17:12:37 INFO  TableMetadata:65 - HHH000261: Table found: ADMIN.REQUEST
2020-02-25 17:12:37 INFO  TableMetadata:66 - HHH000037: Columns: [empid, amount, resolvedby, description, reqid, status]
2020-02-25 17:12:38 INFO  TableMetadata:65 - HHH000261: Table found: ADMIN.WORKER
2020-02-25 17:12:38 INFO  TableMetadata:66 - HHH000037: Columns: [zip, workerid, firstname, city, reportsto, title, hiredate, lastname, phone, streetaddress, state, passcode, email, username]
2020-02-25 17:12:40 INFO  RequestController:38 - List of all pending requests was called for and information was sent to caller
2020-02-25 17:12:45 INFO  RequestController:38 - List of all pending requests was called for and information was sent to caller
2020-02-25 17:15:02 INFO  RequestController:38 - List of all pending requests was called for and information was sent to caller
2020-02-25 17:15:02 INFO  WorkerDAOImpl:39 - Worker with ID: 10gethered.
2020-02-25 17:15:02 INFO  WorkerController:49 - Name: Gwen Dover sent
2020-02-25 17:15:05 INFO  Version:66 - HCANN000001: Hibernate Commons Annotations {4.0.5.Final}
2020-02-25 17:15:05 INFO  Version:54 - HHH000412: Hibernate Core {4.3.11.Final}
2020-02-25 17:15:05 INFO  Environment:239 - HHH000206: hibernate.properties not found
2020-02-25 17:15:05 INFO  Environment:346 - HHH000021: Bytecode provider name : javassist
2020-02-25 17:15:06 INFO  Dialect:145 - HHH000400: Using dialect: com.revature.util.Oracle10gDialectExtended
2020-02-25 17:15:06 INFO  TransactionFactoryInitiator:62 - HHH000399: Using default transaction strategy (direct JDBC transactions)
2020-02-25 17:15:06 INFO  ASTQueryTranslatorFactory:47 - HHH000397: Using ASTQueryTranslatorFactory
2020-02-25 17:15:06 INFO  SchemaValidator:157 - HHH000229: Running schema validator
2020-02-25 17:15:06 INFO  SchemaValidator:165 - HHH000102: Fetching database metadata
2020-02-25 17:15:08 INFO  TableMetadata:65 - HHH000261: Table found: ADMIN.REQUEST
2020-02-25 17:15:08 INFO  TableMetadata:66 - HHH000037: Columns: [empid, amount, resolvedby, description, reqid, status]
2020-02-25 17:15:08 INFO  TableMetadata:65 - HHH000261: Table found: ADMIN.WORKER
2020-02-25 17:15:08 INFO  TableMetadata:66 - HHH000037: Columns: [zip, workerid, firstname, city, reportsto, title, hiredate, lastname, phone, streetaddress, state, passcode, email, username]
2020-02-25 17:15:09 INFO  RequestController:44 - List of all non-pending requests was called for and information was sent to caller
2020-02-25 17:15:15 INFO  RequestController:38 - List of all pending requests was called for and information was sent to caller
2020-02-25 17:15:15 INFO  WorkerDAOImpl:39 - Worker with ID: 10gethered.
2020-02-25 17:15:15 INFO  WorkerController:49 - Name: Gwen Dover sent
2020-02-25 17:15:17 INFO  RequestController:44 - List of all non-pending requests was called for and information was sent to caller
2020-02-25 17:17:47 INFO  Version:66 - HCANN000001: Hibernate Commons Annotations {4.0.5.Final}
2020-02-25 17:17:47 INFO  Version:54 - HHH000412: Hibernate Core {4.3.11.Final}
2020-02-25 17:17:47 INFO  Environment:239 - HHH000206: hibernate.properties not found
2020-02-25 17:17:47 INFO  Environment:346 - HHH000021: Bytecode provider name : javassist
2020-02-25 17:17:48 INFO  Dialect:145 - HHH000400: Using dialect: com.revature.util.Oracle10gDialectExtended
2020-02-25 17:17:48 INFO  TransactionFactoryInitiator:62 - HHH000399: Using default transaction strategy (direct JDBC transactions)
2020-02-25 17:17:48 INFO  ASTQueryTranslatorFactory:47 - HHH000397: Using ASTQueryTranslatorFactory
2020-02-25 17:17:49 INFO  SchemaValidator:157 - HHH000229: Running schema validator
2020-02-25 17:17:49 INFO  SchemaValidator:165 - HHH000102: Fetching database metadata
2020-02-25 17:17:50 INFO  TableMetadata:65 - HHH000261: Table found: ADMIN.REQUEST
2020-02-25 17:17:50 INFO  TableMetadata:66 - HHH000037: Columns: [empid, amount, resolvedby, description, reqid, status]
2020-02-25 17:17:51 INFO  TableMetadata:65 - HHH000261: Table found: ADMIN.WORKER
2020-02-25 17:17:51 INFO  TableMetadata:66 - HHH000037: Columns: [zip, workerid, firstname, city, reportsto, title, hiredate, lastname, phone, streetaddress, state, passcode, email, username]
2020-02-25 17:17:58 INFO  WorkerController:33 - List of all workers was called for sent.
2020-02-25 17:17:59 INFO  WorkerDAOImpl:33 - List of all workers was successfuly gathered
2020-02-25 17:18:03 INFO  WorkerController:33 - List of all workers was called for sent.
2020-02-25 17:18:04 INFO  WorkerDAOImpl:33 - List of all workers was successfuly gathered
2020-02-25 17:18:11 INFO  RequestController:64 - A request to add a request was received
2020-02-25 17:18:12 INFO  RequestDAOImpl:53 - Request with ID: 61sucessfully inserted
2020-02-25 17:18:12 INFO  RequestController:66 - Request [reqId=61, empId=4, amount=70.0, description=I dont know, status=PENDING, resolvedBy=--] created and sent to caller
2020-02-25 17:18:14 INFO  WorkerController:33 - List of all workers was called for sent.
2020-02-25 17:18:15 INFO  WorkerDAOImpl:33 - List of all workers was successfuly gathered
2020-02-25 17:18:26 INFO  WorkerController:39 - Get request for worker with ID: 10 was called
2020-02-25 17:18:26 INFO  WorkerDAOImpl:43 - Worker with ID: 10gethered.
2020-02-25 17:18:26 INFO  WorkerController:41 - Worker = Worker [workerId=10, lastName=Dover, firstName=Gwen, username=benjamin720, passCode=benchee5050, title=Manager, reportsTo=0, hireDate=1/1/2016, streetAddress=43255 Pennman, city=St Louis, state=Missouri, zip=77544, phone=617-772-4221, email=ben10@yahoo.com] was sent
2020-02-25 17:18:31 INFO  WorkerController:33 - List of all workers was called for sent.
2020-02-25 17:18:32 INFO  WorkerDAOImpl:33 - List of all workers was successfuly gathered
2020-02-25 17:18:37 INFO  RequestController:38 - List of all pending requests was called for and information was sent to caller
2020-02-25 17:18:37 INFO  WorkerDAOImpl:43 - Worker with ID: 10gethered.
2020-02-25 17:18:37 INFO  WorkerController:49 - Name: Gwen Dover sent
2020-02-25 17:18:52 INFO  WorkerController:33 - List of all workers was called for sent.
2020-02-25 17:18:53 INFO  WorkerDAOImpl:33 - List of all workers was successfuly gathered
